<?xml version="1.0" encoding="UTF-8"?>
<testng-results ignored="0" total="1" passed="1" failed="0" skipped="0">
  <reporter-output>
  </reporter-output>
  <suite started-at="2020-04-13T22:51:58 IST" name="Default suite" finished-at="2020-04-13T22:52:00 IST" duration-ms="1674">
    <groups>
    </groups>
    <test started-at="2020-04-13T22:51:58 IST" name="Default test" finished-at="2020-04-13T22:52:00 IST" duration-ms="1674">
      <class name="com.api.test.PostAPITest">
        <test-method is-config="true" signature="setUp()[pri:0, instance:com.api.test.PostAPITest@13c10b87]" started-at="2020-04-13T22:51:58 IST" name="setUp" finished-at="2020-04-13T22:51:58 IST" duration-ms="6" status="PASS">
          <reporter-output>
          </reporter-output>
        </test-method> <!-- setUp -->
        <test-method signature="postAPITest()[pri:0, instance:com.api.test.PostAPITest@13c10b87]" started-at="2020-04-13T22:51:58 IST" name="postAPITest" finished-at="2020-04-13T22:52:00 IST" duration-ms="1589" status="PASS">
          <reporter-output>
          </reporter-output>
        </test-method> <!-- postAPITest -->
      </class> <!-- com.api.test.PostAPITest -->
    </test> <!-- Default test -->
  </suite> <!-- Default suite -->
</testng-results>
