<?xml version="1.0" encoding="UTF-8"?>
<testng-results ignored="0" total="2" passed="2" failed="0" skipped="0">
  <reporter-output>
  </reporter-output>
  <suite started-at="2020-04-12T22:09:09 IST" name="Default suite" finished-at="2020-04-12T22:09:10 IST" duration-ms="1304">
    <groups>
    </groups>
    <test started-at="2020-04-12T22:09:09 IST" name="Default test" finished-at="2020-04-12T22:09:10 IST" duration-ms="1304">
      <class name="com.api.test.GetAPITest">
        <test-method is-config="true" signature="setUp()[pri:0, instance:com.api.test.GetAPITest@1d76aeea]" started-at="2020-04-12T22:09:09 IST" name="setUp" finished-at="2020-04-12T22:09:09 IST" duration-ms="5" status="PASS">
          <reporter-output>
          </reporter-output>
        </test-method> <!-- setUp -->
        <test-method signature="getAPITestWithOutHeader()[pri:1, instance:com.api.test.GetAPITest@1d76aeea]" started-at="2020-04-12T22:09:09 IST" name="getAPITestWithOutHeader" finished-at="2020-04-12T22:09:10 IST" duration-ms="931" status="PASS">
          <reporter-output>
          </reporter-output>
        </test-method> <!-- getAPITestWithOutHeader -->
        <test-method is-config="true" signature="setUp()[pri:0, instance:com.api.test.GetAPITest@1d76aeea]" started-at="2020-04-12T22:09:10 IST" name="setUp" finished-at="2020-04-12T22:09:10 IST" duration-ms="0" status="PASS">
          <reporter-output>
          </reporter-output>
        </test-method> <!-- setUp -->
        <test-method signature="getAPITestWithHeaders()[pri:2, instance:com.api.test.GetAPITest@1d76aeea]" started-at="2020-04-12T22:09:10 IST" name="getAPITestWithHeaders" finished-at="2020-04-12T22:09:10 IST" duration-ms="298" status="PASS">
          <reporter-output>
          </reporter-output>
        </test-method> <!-- getAPITestWithHeaders -->
      </class> <!-- com.api.test.GetAPITest -->
    </test> <!-- Default test -->
  </suite> <!-- Default suite -->
</testng-results>
